<?xml version="1.0" encoding="UTF-8"?>
<coverage generated="1628673450901" clover="3.2.0">
  <project timestamp="1628673450901" name="All files">
    <metrics statements="84" coveredstatements="84" conditionals="27" coveredconditionals="25" methods="21" coveredmethods="21" elements="132" coveredelements="130" complexity="0" loc="84" ncloc="84" packages="2" files="2" classes="2"/>
    <package name="src">
      <metrics statements="77" coveredstatements="77" conditionals="24" coveredconditionals="22" methods="18" coveredmethods="18"/>
      <file name="programmingTask.js" path="/Users/vikramthakur/Documents/AllGitRepos/Vikrams-Git/ProgrammingTask/src/programmingTask.js">
        <metrics statements="77" coveredstatements="77" conditionals="24" coveredconditionals="22" methods="18" coveredmethods="18"/>
        <line num="1" count="1" type="stmt"/>
        <line num="2" count="1" type="stmt"/>
        <line num="3" count="1" type="stmt"/>
        <line num="4" count="1" type="stmt"/>
        <line num="6" count="1" type="stmt"/>
        <line num="15" count="12" type="stmt"/>
        <line num="16" count="12" type="stmt"/>
        <line num="17" count="12" type="stmt"/>
        <line num="18" count="12" type="stmt"/>
        <line num="26" count="12" type="stmt"/>
        <line num="27" count="12" type="stmt"/>
        <line num="28" count="12" type="stmt"/>
        <line num="29" count="11" type="stmt"/>
        <line num="31" count="1" type="stmt"/>
        <line num="32" count="1" type="stmt"/>
        <line num="41" count="1" type="stmt"/>
        <line num="42" count="1" type="stmt"/>
        <line num="51" count="9" type="stmt"/>
        <line num="52" count="9" type="cond" truecount="4" falsecount="0"/>
        <line num="53" count="8" type="stmt"/>
        <line num="54" count="184" type="stmt"/>
        <line num="56" count="8" type="stmt"/>
        <line num="58" count="1" type="stmt"/>
        <line num="67" count="3" type="stmt"/>
        <line num="68" count="3" type="cond" truecount="4" falsecount="0"/>
        <line num="69" count="2" type="stmt"/>
        <line num="70" count="46" type="stmt"/>
        <line num="72" count="2" type="stmt"/>
        <line num="74" count="1" type="stmt"/>
        <line num="83" count="4" type="stmt"/>
        <line num="84" count="4" type="stmt"/>
        <line num="85" count="92" type="cond" truecount="2" falsecount="0"/>
        <line num="86" count="15" type="stmt"/>
        <line num="87" count="15" type="stmt"/>
        <line num="89" count="77" type="stmt"/>
        <line num="92" count="4" type="stmt"/>
        <line num="93" count="4" type="stmt"/>
        <line num="100" count="5" type="cond" truecount="2" falsecount="0"/>
        <line num="101" count="4" type="stmt"/>
        <line num="104" count="77" type="stmt"/>
        <line num="107" count="200" type="cond" truecount="2" falsecount="0"/>
        <line num="108" count="141" type="stmt"/>
        <line num="109" count="59" type="cond" truecount="1" falsecount="1"/>
        <line num="110" count="59" type="stmt"/>
        <line num="113" count="4" type="stmt"/>
        <line num="114" count="4" type="stmt"/>
        <line num="116" count="1" type="stmt"/>
        <line num="117" count="1" type="stmt"/>
        <line num="127" count="5" type="stmt"/>
        <line num="128" count="5" type="cond" truecount="2" falsecount="0"/>
        <line num="129" count="4" type="stmt"/>
        <line num="130" count="12" type="stmt"/>
        <line num="133" count="1" type="stmt"/>
        <line num="135" count="4" type="stmt"/>
        <line num="144" count="2" type="stmt"/>
        <line num="146" count="2" type="stmt"/>
        <line num="156" count="8" type="stmt"/>
        <line num="157" count="8" type="stmt"/>
        <line num="158" count="8" type="cond" truecount="4" falsecount="0"/>
        <line num="159" count="7" type="stmt"/>
        <line num="160" count="161" type="stmt"/>
        <line num="162" count="7" type="stmt"/>
        <line num="163" count="161" type="stmt"/>
        <line num="164" count="1127" type="stmt"/>
        <line num="168" count="161" type="stmt"/>
        <line num="176" count="7" type="stmt"/>
        <line num="177" count="161" type="stmt"/>
        <line num="178" count="161" type="stmt"/>
        <line num="179" count="161" type="stmt"/>
        <line num="180" count="161" type="stmt"/>
        <line num="181" count="161" type="stmt"/>
        <line num="184" count="1" type="stmt"/>
        <line num="185" count="1" type="stmt"/>
        <line num="188" count="1" type="stmt"/>
        <line num="189" count="1" type="stmt"/>
        <line num="191" count="7" type="stmt"/>
        <line num="198" count="1" type="stmt"/>
      </file>
    </package>
    <package name="src.utils">
      <metrics statements="7" coveredstatements="7" conditionals="3" coveredconditionals="3" methods="3" coveredmethods="3"/>
      <file name="fileUtils.js" path="/Users/vikramthakur/Documents/AllGitRepos/Vikrams-Git/ProgrammingTask/src/utils/fileUtils.js">
        <metrics statements="7" coveredstatements="7" conditionals="3" coveredconditionals="3" methods="3" coveredmethods="3"/>
        <line num="1" count="2" type="stmt"/>
        <line num="9" count="14" type="stmt"/>
        <line num="10" count="14" type="stmt"/>
        <line num="11" count="12" type="cond" truecount="2" falsecount="0"/>
        <line num="12" count="1" type="stmt"/>
        <line num="14" count="11" type="stmt"/>
        <line num="20" count="2" type="stmt"/>
      </file>
    </package>
  </project>
</coverage>
