<?xml version="1.0" encoding="UTF-8"?>
<coverage generated="1628664107847" clover="3.2.0">
  <project timestamp="1628664107847" name="All files">
    <metrics statements="78" coveredstatements="78" conditionals="18" coveredconditionals="16" methods="21" coveredmethods="21" elements="117" coveredelements="115" complexity="0" loc="78" ncloc="78" packages="2" files="2" classes="2"/>
    <package name="src">
      <metrics statements="71" coveredstatements="71" conditionals="15" coveredconditionals="13" methods="18" coveredmethods="18"/>
      <file name="programmingTask.js" path="/Users/vikramthakur/Documents/AllGitRepos/Vikrams-Git/ProgrammingTask/src/programmingTask.js">
        <metrics statements="71" coveredstatements="71" conditionals="15" coveredconditionals="13" methods="18" coveredmethods="18"/>
        <line num="1" count="1" type="stmt"/>
        <line num="2" count="1" type="stmt"/>
        <line num="3" count="1" type="stmt"/>
        <line num="4" count="1" type="stmt"/>
        <line num="5" count="1" type="stmt"/>
        <line num="14" count="11" type="stmt"/>
        <line num="15" count="11" type="stmt"/>
        <line num="16" count="11" type="stmt"/>
        <line num="17" count="11" type="stmt"/>
        <line num="20" count="11" type="stmt"/>
        <line num="21" count="11" type="stmt"/>
        <line num="22" count="11" type="stmt"/>
        <line num="23" count="10" type="stmt"/>
        <line num="25" count="1" type="stmt"/>
        <line num="26" count="1" type="stmt"/>
        <line num="30" count="1" type="stmt"/>
        <line num="31" count="1" type="stmt"/>
        <line num="34" count="7" type="stmt"/>
        <line num="35" count="7" type="cond" truecount="3" falsecount="1"/>
        <line num="36" count="7" type="stmt"/>
        <line num="37" count="161" type="stmt"/>
        <line num="40" count="7" type="stmt"/>
        <line num="44" count="2" type="stmt"/>
        <line num="45" count="2" type="stmt"/>
        <line num="46" count="46" type="stmt"/>
        <line num="48" count="2" type="stmt"/>
        <line num="51" count="3" type="stmt"/>
        <line num="52" count="3" type="stmt"/>
        <line num="53" count="69" type="cond" truecount="2" falsecount="0"/>
        <line num="54" count="14" type="stmt"/>
        <line num="55" count="14" type="stmt"/>
        <line num="57" count="55" type="stmt"/>
        <line num="60" count="3" type="stmt"/>
        <line num="61" count="3" type="stmt"/>
        <line num="64" count="4" type="cond" truecount="2" falsecount="0"/>
        <line num="65" count="3" type="stmt"/>
        <line num="68" count="55" type="stmt"/>
        <line num="71" count="141" type="stmt"/>
        <line num="73" count="3" type="stmt"/>
        <line num="74" count="3" type="stmt"/>
        <line num="76" count="1" type="stmt"/>
        <line num="77" count="1" type="stmt"/>
        <line num="81" count="4" type="stmt"/>
        <line num="82" count="4" type="cond" truecount="2" falsecount="0"/>
        <line num="83" count="3" type="stmt"/>
        <line num="84" count="9" type="stmt"/>
        <line num="87" count="1" type="stmt"/>
        <line num="89" count="3" type="stmt"/>
        <line num="92" count="1" type="stmt"/>
        <line num="94" count="1" type="stmt"/>
        <line num="97" count="7" type="stmt"/>
        <line num="98" count="7" type="stmt"/>
        <line num="99" count="7" type="cond" truecount="4" falsecount="0"/>
        <line num="100" count="6" type="stmt"/>
        <line num="101" count="138" type="stmt"/>
        <line num="103" count="6" type="stmt"/>
        <line num="104" count="138" type="stmt"/>
        <line num="105" count="966" type="stmt"/>
        <line num="109" count="138" type="stmt"/>
        <line num="117" count="6" type="stmt"/>
        <line num="118" count="138" type="stmt"/>
        <line num="119" count="138" type="stmt"/>
        <line num="120" count="138" type="stmt"/>
        <line num="121" count="138" type="stmt"/>
        <line num="122" count="138" type="stmt"/>
        <line num="125" count="1" type="stmt"/>
        <line num="126" count="1" type="stmt"/>
        <line num="129" count="1" type="stmt"/>
        <line num="130" count="1" type="stmt"/>
        <line num="132" count="6" type="stmt"/>
        <line num="139" count="1" type="stmt"/>
      </file>
    </package>
    <package name="src.utils">
      <metrics statements="7" coveredstatements="7" conditionals="3" coveredconditionals="3" methods="3" coveredmethods="3"/>
      <file name="fileUtils.js" path="/Users/vikramthakur/Documents/AllGitRepos/Vikrams-Git/ProgrammingTask/src/utils/fileUtils.js">
        <metrics statements="7" coveredstatements="7" conditionals="3" coveredconditionals="3" methods="3" coveredmethods="3"/>
        <line num="1" count="2" type="stmt"/>
        <line num="4" count="13" type="stmt"/>
        <line num="5" count="13" type="stmt"/>
        <line num="6" count="11" type="cond" truecount="2" falsecount="0"/>
        <line num="7" count="1" type="stmt"/>
        <line num="9" count="10" type="stmt"/>
        <line num="15" count="2" type="stmt"/>
      </file>
    </package>
  </project>
</coverage>
