{"/Users/vikramthakur/Documents/AllGitRepos/Vikrams-Git/ProgrammingTask/src/programmingTask.js": {"path":"/Users/vikramthakur/Documents/AllGitRepos/Vikrams-Git/ProgrammingTask/src/programmingTask.js","statementMap":{"0":{"start":{"line":1,"column":19},"end":{"line":1,"column":47}},"1":{"start":{"line":2,"column":17},"end":{"line":2,"column":21}},"2":{"start":{"line":3,"column":27},"end":{"line":3,"column":34}},"3":{"start":{"line":4,"column":22},"end":{"line":4,"column":32}},"4":{"start":{"line":5,"column":24},"end":{"line":134,"column":1}},"5":{"start":{"line":14,"column":8},"end":{"line":14,"column":25}},"6":{"start":{"line":15,"column":8},"end":{"line":15,"column":27}},"7":{"start":{"line":16,"column":8},"end":{"line":16,"column":27}},"8":{"start":{"line":17,"column":8},"end":{"line":17,"column":35}},"9":{"start":{"line":20,"column":2},"end":{"line":27,"column":3}},"10":{"start":{"line":21,"column":12},"end":{"line":21,"column":23}},"11":{"start":{"line":22,"column":3},"end":{"line":22,"column":57}},"12":{"start":{"line":23,"column":3},"end":{"line":23,"column":15}},"13":{"start":{"line":25,"column":3},"end":{"line":25,"column":89}},"14":{"start":{"line":26,"column":3},"end":{"line":26,"column":43}},"15":{"start":{"line":30,"column":2},"end":{"line":30,"column":49}},"16":{"start":{"line":31,"column":2},"end":{"line":31,"column":14}},"17":{"start":{"line":34,"column":2},"end":{"line":34,"column":20}},"18":{"start":{"line":35,"column":2},"end":{"line":41,"column":3}},"19":{"start":{"line":36,"column":3},"end":{"line":39,"column":5}},"20":{"start":{"line":37,"column":4},"end":{"line":37,"column":56}},"21":{"start":{"line":37,"column":39},"end":{"line":37,"column":54}},"22":{"start":{"line":40,"column":3},"end":{"line":40,"column":15}},"23":{"start":{"line":44,"column":21},"end":{"line":44,"column":30}},"24":{"start":{"line":45,"column":2},"end":{"line":47,"column":3}},"25":{"start":{"line":46,"column":3},"end":{"line":46,"column":28}},"26":{"start":{"line":48,"column":2},"end":{"line":48,"column":22}},"27":{"start":{"line":51,"column":21},"end":{"line":51,"column":30}},"28":{"start":{"line":52,"column":2},"end":{"line":59,"column":3}},"29":{"start":{"line":53,"column":3},"end":{"line":58,"column":4}},"30":{"start":{"line":54,"column":18},"end":{"line":54,"column":42}},"31":{"start":{"line":55,"column":4},"end":{"line":55,"column":40}},"32":{"start":{"line":57,"column":4},"end":{"line":57,"column":31}},"33":{"start":{"line":60,"column":2},"end":{"line":60,"column":32}},"34":{"start":{"line":61,"column":2},"end":{"line":61,"column":14}},"35":{"start":{"line":64,"column":2},"end":{"line":78,"column":9}},"36":{"start":{"line":65,"column":19},"end":{"line":72,"column":6}},"37":{"start":{"line":68,"column":5},"end":{"line":68,"column":53}},"38":{"start":{"line":71,"column":5},"end":{"line":71,"column":30}},"39":{"start":{"line":73,"column":3},"end":{"line":73,"column":36}},"40":{"start":{"line":74,"column":3},"end":{"line":74,"column":15}},"41":{"start":{"line":76,"column":12},"end":{"line":76,"column":54}},"42":{"start":{"line":77,"column":12},"end":{"line":77,"column":48}},"43":{"start":{"line":81,"column":19},"end":{"line":81,"column":21}},"44":{"start":{"line":82,"column":2},"end":{"line":88,"column":9}},"45":{"start":{"line":83,"column":3},"end":{"line":85,"column":4}},"46":{"start":{"line":83,"column":13},"end":{"line":83,"column":14}},"47":{"start":{"line":84,"column":4},"end":{"line":84,"column":45}},"48":{"start":{"line":87,"column":11},"end":{"line":87,"column":49}},"49":{"start":{"line":89,"column":2},"end":{"line":89,"column":20}},"50":{"start":{"line":92,"column":2},"end":{"line":93,"column":16}},"51":{"start":{"line":94,"column":2},"end":{"line":94,"column":14}},"52":{"start":{"line":97,"column":2},"end":{"line":97,"column":20}},"53":{"start":{"line":98,"column":2},"end":{"line":131,"column":3}},"54":{"start":{"line":99,"column":3},"end":{"line":127,"column":4}},"55":{"start":{"line":100,"column":19},"end":{"line":101,"column":76}},"56":{"start":{"line":101,"column":18},"end":{"line":101,"column":75}},"57":{"start":{"line":103,"column":15},"end":{"line":115,"column":7}},"58":{"start":{"line":104,"column":21},"end":{"line":107,"column":35}},"59":{"start":{"line":105,"column":19},"end":{"line":107,"column":34}},"60":{"start":{"line":109,"column":6},"end":{"line":114,"column":8}},"61":{"start":{"line":117,"column":4},"end":{"line":123,"column":5}},"62":{"start":{"line":118,"column":15},"end":{"line":118,"column":56}},"63":{"start":{"line":119,"column":5},"end":{"line":119,"column":35}},"64":{"start":{"line":120,"column":5},"end":{"line":120,"column":32}},"65":{"start":{"line":121,"column":5},"end":{"line":121,"column":46}},"66":{"start":{"line":122,"column":5},"end":{"line":122,"column":31}},"67":{"start":{"line":125,"column":4},"end":{"line":125,"column":54}},"68":{"start":{"line":126,"column":4},"end":{"line":126,"column":38}},"69":{"start":{"line":129,"column":3},"end":{"line":129,"column":77}},"70":{"start":{"line":130,"column":3},"end":{"line":130,"column":15}},"71":{"start":{"line":132,"column":2},"end":{"line":132,"column":14}},"72":{"start":{"line":139,"column":0},"end":{"line":141,"column":2}}},"fnMap":{"0":{"name":"(anonymous_0)","decl":{"start":{"line":13,"column":10},"end":{"line":13,"column":11}},"loc":{"start":{"line":13,"column":20},"end":{"line":18,"column":5}},"line":13},"1":{"name":"(anonymous_1)","decl":{"start":{"line":19,"column":27},"end":{"line":19,"column":28}},"loc":{"start":{"line":19,"column":87},"end":{"line":28,"column":2}},"line":19},"2":{"name":"(anonymous_2)","decl":{"start":{"line":29,"column":16},"end":{"line":29,"column":17}},"loc":{"start":{"line":29,"column":39},"end":{"line":32,"column":2}},"line":29},"3":{"name":"(anonymous_3)","decl":{"start":{"line":33,"column":9},"end":{"line":33,"column":10}},"loc":{"start":{"line":33,"column":32},"end":{"line":42,"column":2}},"line":33},"4":{"name":"(anonymous_4)","decl":{"start":{"line":36,"column":41},"end":{"line":36,"column":42}},"loc":{"start":{"line":36,"column":49},"end":{"line":38,"column":4}},"line":36},"5":{"name":"(anonymous_5)","decl":{"start":{"line":37,"column":26},"end":{"line":37,"column":27}},"loc":{"start":{"line":37,"column":39},"end":{"line":37,"column":54}},"line":37},"6":{"name":"(anonymous_6)","decl":{"start":{"line":43,"column":9},"end":{"line":43,"column":10}},"loc":{"start":{"line":43,"column":19},"end":{"line":49,"column":2}},"line":43},"7":{"name":"(anonymous_7)","decl":{"start":{"line":50,"column":12},"end":{"line":50,"column":13}},"loc":{"start":{"line":50,"column":22},"end":{"line":62,"column":2}},"line":50},"8":{"name":"(anonymous_8)","decl":{"start":{"line":63,"column":7},"end":{"line":63,"column":8}},"loc":{"start":{"line":63,"column":17},"end":{"line":79,"column":2}},"line":63},"9":{"name":"(anonymous_9)","decl":{"start":{"line":67,"column":9},"end":{"line":67,"column":10}},"loc":{"start":{"line":67,"column":20},"end":{"line":69,"column":5}},"line":67},"10":{"name":"(anonymous_10)","decl":{"start":{"line":70,"column":10},"end":{"line":70,"column":11}},"loc":{"start":{"line":70,"column":17},"end":{"line":72,"column":5}},"line":70},"11":{"name":"(anonymous_11)","decl":{"start":{"line":80,"column":8},"end":{"line":80,"column":9}},"loc":{"start":{"line":80,"column":27},"end":{"line":90,"column":2}},"line":80},"12":{"name":"(anonymous_12)","decl":{"start":{"line":91,"column":10},"end":{"line":91,"column":11}},"loc":{"start":{"line":91,"column":29},"end":{"line":95,"column":2}},"line":91},"13":{"name":"(anonymous_13)","decl":{"start":{"line":96,"column":15},"end":{"line":96,"column":16}},"loc":{"start":{"line":96,"column":25},"end":{"line":133,"column":2}},"line":96},"14":{"name":"(anonymous_14)","decl":{"start":{"line":101,"column":10},"end":{"line":101,"column":11}},"loc":{"start":{"line":101,"column":18},"end":{"line":101,"column":75}},"line":101},"15":{"name":"(anonymous_15)","decl":{"start":{"line":104,"column":10},"end":{"line":104,"column":11}},"loc":{"start":{"line":104,"column":21},"end":{"line":107,"column":35}},"line":104},"16":{"name":"(anonymous_16)","decl":{"start":{"line":105,"column":11},"end":{"line":105,"column":12}},"loc":{"start":{"line":105,"column":19},"end":{"line":107,"column":34}},"line":105},"17":{"name":"(anonymous_17)","decl":{"start":{"line":108,"column":10},"end":{"line":108,"column":11}},"loc":{"start":{"line":108,"column":18},"end":{"line":115,"column":6}},"line":108}},"branchMap":{"0":{"loc":{"start":{"line":19,"column":42},"end":{"line":19,"column":86}},"type":"default-arg","locations":[{"start":{"line":19,"column":51},"end":{"line":19,"column":86}}],"line":19},"1":{"loc":{"start":{"line":35,"column":2},"end":{"line":41,"column":3}},"type":"if","locations":[{"start":{"line":35,"column":2},"end":{"line":41,"column":3}},{"start":{"line":35,"column":2},"end":{"line":41,"column":3}}],"line":35},"2":{"loc":{"start":{"line":35,"column":5},"end":{"line":35,"column":51}},"type":"binary-expr","locations":[{"start":{"line":35,"column":5},"end":{"line":35,"column":24}},{"start":{"line":35,"column":28},"end":{"line":35,"column":51}}],"line":35},"3":{"loc":{"start":{"line":53,"column":3},"end":{"line":58,"column":4}},"type":"if","locations":[{"start":{"line":53,"column":3},"end":{"line":58,"column":4}},{"start":{"line":53,"column":3},"end":{"line":58,"column":4}}],"line":53},"4":{"loc":{"start":{"line":64,"column":2},"end":{"line":78,"column":9}},"type":"if","locations":[{"start":{"line":64,"column":2},"end":{"line":78,"column":9}},{"start":{"line":64,"column":2},"end":{"line":78,"column":9}}],"line":64},"5":{"loc":{"start":{"line":82,"column":2},"end":{"line":88,"column":9}},"type":"if","locations":[{"start":{"line":82,"column":2},"end":{"line":88,"column":9}},{"start":{"line":82,"column":2},"end":{"line":88,"column":9}}],"line":82},"6":{"loc":{"start":{"line":99,"column":3},"end":{"line":127,"column":4}},"type":"if","locations":[{"start":{"line":99,"column":3},"end":{"line":127,"column":4}},{"start":{"line":99,"column":3},"end":{"line":127,"column":4}}],"line":99},"7":{"loc":{"start":{"line":99,"column":6},"end":{"line":99,"column":51}},"type":"binary-expr","locations":[{"start":{"line":99,"column":6},"end":{"line":99,"column":22}},{"start":{"line":99,"column":26},"end":{"line":99,"column":51}}],"line":99}},"s":{"0":1,"1":1,"2":1,"3":1,"4":1,"5":11,"6":11,"7":11,"8":11,"9":11,"10":11,"11":11,"12":10,"13":1,"14":1,"15":1,"16":1,"17":7,"18":7,"19":7,"20":161,"21":161,"22":7,"23":2,"24":2,"25":46,"26":2,"27":3,"28":3,"29":69,"30":14,"31":14,"32":55,"33":3,"34":3,"35":4,"36":3,"37":55,"38":141,"39":3,"40":3,"41":1,"42":1,"43":4,"44":4,"45":3,"46":3,"47":9,"48":1,"49":3,"50":1,"51":1,"52":7,"53":7,"54":7,"55":6,"56":138,"57":6,"58":138,"59":966,"60":138,"61":6,"62":138,"63":138,"64":138,"65":138,"66":138,"67":1,"68":1,"69":1,"70":1,"71":6,"72":1},"f":{"0":11,"1":11,"2":1,"3":7,"4":161,"5":161,"6":2,"7":3,"8":4,"9":55,"10":141,"11":4,"12":1,"13":7,"14":138,"15":138,"16":966,"17":138},"b":{"0":[0],"1":[7,0],"2":[7,7],"3":[14,55],"4":[3,1],"5":[3,1],"6":[6,1],"7":[7,6]},"_coverageSchema":"1a1c01bbd47fc00a2c39e90264f33305004495a9","hash":"3bad9536c3c43d40fab6a80762635958ef7e8f76"}
,"/Users/vikramthakur/Documents/AllGitRepos/Vikrams-Git/ProgrammingTask/src/utils/fileUtils.js": {"path":"/Users/vikramthakur/Documents/AllGitRepos/Vikrams-Git/ProgrammingTask/src/utils/fileUtils.js","statementMap":{"0":{"start":{"line":1,"column":11},"end":{"line":1,"column":24}},"1":{"start":{"line":4,"column":1},"end":{"line":12,"column":4}},"2":{"start":{"line":5,"column":2},"end":{"line":11,"column":5}},"3":{"start":{"line":6,"column":3},"end":{"line":10,"column":4}},"4":{"start":{"line":7,"column":4},"end":{"line":7,"column":23}},"5":{"start":{"line":9,"column":4},"end":{"line":9,"column":25}},"6":{"start":{"line":15,"column":0},"end":{"line":17,"column":2}}},"fnMap":{"0":{"name":"readFile","decl":{"start":{"line":3,"column":9},"end":{"line":3,"column":17}},"loc":{"start":{"line":3,"column":45},"end":{"line":13,"column":1}},"line":3},"1":{"name":"(anonymous_1)","decl":{"start":{"line":4,"column":20},"end":{"line":4,"column":21}},"loc":{"start":{"line":4,"column":39},"end":{"line":12,"column":2}},"line":4},"2":{"name":"(anonymous_2)","decl":{"start":{"line":5,"column":34},"end":{"line":5,"column":35}},"loc":{"start":{"line":5,"column":46},"end":{"line":11,"column":3}},"line":5}},"branchMap":{"0":{"loc":{"start":{"line":3,"column":28},"end":{"line":3,"column":44}},"type":"default-arg","locations":[{"start":{"line":3,"column":37},"end":{"line":3,"column":44}}],"line":3},"1":{"loc":{"start":{"line":6,"column":3},"end":{"line":10,"column":4}},"type":"if","locations":[{"start":{"line":6,"column":3},"end":{"line":10,"column":4}},{"start":{"line":6,"column":3},"end":{"line":10,"column":4}}],"line":6}},"s":{"0":2,"1":13,"2":13,"3":11,"4":1,"5":10,"6":2},"f":{"0":13,"1":13,"2":11},"b":{"0":[2],"1":[1,10]},"_coverageSchema":"1a1c01bbd47fc00a2c39e90264f33305004495a9","hash":"cd644e1f1b3562f3ad2a793fbebb2c6b50fcf0f9"}
}
