{"/Users/vikramthakur/Documents/AllGitRepos/Vikrams-Git/ProgrammingTask/src/programmingTask.js": {"path":"/Users/vikramthakur/Documents/AllGitRepos/Vikrams-Git/ProgrammingTask/src/programmingTask.js","statementMap":{"0":{"start":{"line":1,"column":19},"end":{"line":1,"column":47}},"1":{"start":{"line":2,"column":17},"end":{"line":2,"column":21}},"2":{"start":{"line":3,"column":27},"end":{"line":3,"column":34}},"3":{"start":{"line":4,"column":22},"end":{"line":4,"column":32}},"4":{"start":{"line":6,"column":24},"end":{"line":193,"column":1}},"5":{"start":{"line":15,"column":8},"end":{"line":15,"column":25}},"6":{"start":{"line":16,"column":8},"end":{"line":16,"column":27}},"7":{"start":{"line":17,"column":8},"end":{"line":17,"column":27}},"8":{"start":{"line":18,"column":8},"end":{"line":18,"column":35}},"9":{"start":{"line":26,"column":2},"end":{"line":33,"column":3}},"10":{"start":{"line":27,"column":12},"end":{"line":27,"column":23}},"11":{"start":{"line":28,"column":3},"end":{"line":28,"column":57}},"12":{"start":{"line":29,"column":3},"end":{"line":29,"column":15}},"13":{"start":{"line":31,"column":3},"end":{"line":31,"column":89}},"14":{"start":{"line":32,"column":3},"end":{"line":32,"column":43}},"15":{"start":{"line":41,"column":2},"end":{"line":41,"column":49}},"16":{"start":{"line":42,"column":2},"end":{"line":42,"column":14}},"17":{"start":{"line":51,"column":2},"end":{"line":51,"column":20}},"18":{"start":{"line":52,"column":2},"end":{"line":59,"column":3}},"19":{"start":{"line":53,"column":3},"end":{"line":55,"column":6}},"20":{"start":{"line":54,"column":4},"end":{"line":54,"column":56}},"21":{"start":{"line":54,"column":39},"end":{"line":54,"column":54}},"22":{"start":{"line":56,"column":3},"end":{"line":56,"column":15}},"23":{"start":{"line":58,"column":3},"end":{"line":58,"column":74}},"24":{"start":{"line":67,"column":21},"end":{"line":67,"column":30}},"25":{"start":{"line":68,"column":2},"end":{"line":75,"column":3}},"26":{"start":{"line":69,"column":2},"end":{"line":71,"column":3}},"27":{"start":{"line":70,"column":3},"end":{"line":70,"column":28}},"28":{"start":{"line":72,"column":2},"end":{"line":72,"column":22}},"29":{"start":{"line":74,"column":3},"end":{"line":74,"column":58}},"30":{"start":{"line":83,"column":21},"end":{"line":83,"column":30}},"31":{"start":{"line":84,"column":2},"end":{"line":91,"column":3}},"32":{"start":{"line":85,"column":3},"end":{"line":90,"column":4}},"33":{"start":{"line":86,"column":18},"end":{"line":86,"column":42}},"34":{"start":{"line":87,"column":4},"end":{"line":87,"column":40}},"35":{"start":{"line":89,"column":4},"end":{"line":89,"column":31}},"36":{"start":{"line":92,"column":2},"end":{"line":92,"column":32}},"37":{"start":{"line":93,"column":2},"end":{"line":93,"column":14}},"38":{"start":{"line":100,"column":2},"end":{"line":118,"column":9}},"39":{"start":{"line":101,"column":19},"end":{"line":112,"column":6}},"40":{"start":{"line":104,"column":5},"end":{"line":104,"column":53}},"41":{"start":{"line":107,"column":5},"end":{"line":111,"column":6}},"42":{"start":{"line":108,"column":6},"end":{"line":108,"column":31}},"43":{"start":{"line":109,"column":11},"end":{"line":111,"column":6}},"44":{"start":{"line":110,"column":6},"end":{"line":110,"column":31}},"45":{"start":{"line":113,"column":3},"end":{"line":113,"column":36}},"46":{"start":{"line":114,"column":3},"end":{"line":114,"column":15}},"47":{"start":{"line":116,"column":12},"end":{"line":116,"column":54}},"48":{"start":{"line":117,"column":12},"end":{"line":117,"column":48}},"49":{"start":{"line":127,"column":19},"end":{"line":127,"column":21}},"50":{"start":{"line":128,"column":2},"end":{"line":134,"column":9}},"51":{"start":{"line":129,"column":3},"end":{"line":131,"column":4}},"52":{"start":{"line":129,"column":13},"end":{"line":129,"column":14}},"53":{"start":{"line":130,"column":4},"end":{"line":130,"column":45}},"54":{"start":{"line":133,"column":11},"end":{"line":133,"column":49}},"55":{"start":{"line":135,"column":2},"end":{"line":135,"column":20}},"56":{"start":{"line":144,"column":2},"end":{"line":145,"column":16}},"57":{"start":{"line":146,"column":2},"end":{"line":146,"column":14}},"58":{"start":{"line":156,"column":2},"end":{"line":156,"column":20}},"59":{"start":{"line":157,"column":2},"end":{"line":190,"column":3}},"60":{"start":{"line":158,"column":3},"end":{"line":186,"column":4}},"61":{"start":{"line":159,"column":19},"end":{"line":160,"column":76}},"62":{"start":{"line":160,"column":18},"end":{"line":160,"column":75}},"63":{"start":{"line":162,"column":15},"end":{"line":174,"column":7}},"64":{"start":{"line":163,"column":21},"end":{"line":166,"column":35}},"65":{"start":{"line":164,"column":19},"end":{"line":166,"column":34}},"66":{"start":{"line":168,"column":6},"end":{"line":173,"column":8}},"67":{"start":{"line":176,"column":4},"end":{"line":182,"column":5}},"68":{"start":{"line":177,"column":15},"end":{"line":177,"column":56}},"69":{"start":{"line":178,"column":5},"end":{"line":178,"column":35}},"70":{"start":{"line":179,"column":5},"end":{"line":179,"column":32}},"71":{"start":{"line":180,"column":5},"end":{"line":180,"column":46}},"72":{"start":{"line":181,"column":5},"end":{"line":181,"column":31}},"73":{"start":{"line":184,"column":4},"end":{"line":184,"column":54}},"74":{"start":{"line":185,"column":4},"end":{"line":185,"column":38}},"75":{"start":{"line":188,"column":3},"end":{"line":188,"column":77}},"76":{"start":{"line":189,"column":3},"end":{"line":189,"column":15}},"77":{"start":{"line":191,"column":2},"end":{"line":191,"column":14}},"78":{"start":{"line":198,"column":0},"end":{"line":200,"column":2}}},"fnMap":{"0":{"name":"(anonymous_0)","decl":{"start":{"line":14,"column":10},"end":{"line":14,"column":11}},"loc":{"start":{"line":14,"column":20},"end":{"line":19,"column":5}},"line":14},"1":{"name":"(anonymous_1)","decl":{"start":{"line":25,"column":27},"end":{"line":25,"column":28}},"loc":{"start":{"line":25,"column":87},"end":{"line":34,"column":2}},"line":25},"2":{"name":"(anonymous_2)","decl":{"start":{"line":40,"column":16},"end":{"line":40,"column":17}},"loc":{"start":{"line":40,"column":39},"end":{"line":43,"column":2}},"line":40},"3":{"name":"(anonymous_3)","decl":{"start":{"line":50,"column":9},"end":{"line":50,"column":10}},"loc":{"start":{"line":50,"column":32},"end":{"line":60,"column":2}},"line":50},"4":{"name":"(anonymous_4)","decl":{"start":{"line":53,"column":41},"end":{"line":53,"column":42}},"loc":{"start":{"line":53,"column":49},"end":{"line":55,"column":4}},"line":53},"5":{"name":"(anonymous_5)","decl":{"start":{"line":54,"column":26},"end":{"line":54,"column":27}},"loc":{"start":{"line":54,"column":39},"end":{"line":54,"column":54}},"line":54},"6":{"name":"(anonymous_6)","decl":{"start":{"line":66,"column":9},"end":{"line":66,"column":10}},"loc":{"start":{"line":66,"column":19},"end":{"line":76,"column":2}},"line":66},"7":{"name":"(anonymous_7)","decl":{"start":{"line":82,"column":12},"end":{"line":82,"column":13}},"loc":{"start":{"line":82,"column":22},"end":{"line":94,"column":2}},"line":82},"8":{"name":"(anonymous_8)","decl":{"start":{"line":99,"column":7},"end":{"line":99,"column":8}},"loc":{"start":{"line":99,"column":29},"end":{"line":119,"column":2}},"line":99},"9":{"name":"(anonymous_9)","decl":{"start":{"line":103,"column":9},"end":{"line":103,"column":10}},"loc":{"start":{"line":103,"column":20},"end":{"line":105,"column":5}},"line":103},"10":{"name":"(anonymous_10)","decl":{"start":{"line":106,"column":10},"end":{"line":106,"column":11}},"loc":{"start":{"line":106,"column":17},"end":{"line":112,"column":5}},"line":106},"11":{"name":"(anonymous_11)","decl":{"start":{"line":126,"column":8},"end":{"line":126,"column":9}},"loc":{"start":{"line":126,"column":27},"end":{"line":136,"column":2}},"line":126},"12":{"name":"(anonymous_12)","decl":{"start":{"line":143,"column":10},"end":{"line":143,"column":11}},"loc":{"start":{"line":143,"column":29},"end":{"line":147,"column":2}},"line":143},"13":{"name":"(anonymous_13)","decl":{"start":{"line":155,"column":15},"end":{"line":155,"column":16}},"loc":{"start":{"line":155,"column":25},"end":{"line":192,"column":2}},"line":155},"14":{"name":"(anonymous_14)","decl":{"start":{"line":160,"column":10},"end":{"line":160,"column":11}},"loc":{"start":{"line":160,"column":18},"end":{"line":160,"column":75}},"line":160},"15":{"name":"(anonymous_15)","decl":{"start":{"line":163,"column":10},"end":{"line":163,"column":11}},"loc":{"start":{"line":163,"column":21},"end":{"line":166,"column":35}},"line":163},"16":{"name":"(anonymous_16)","decl":{"start":{"line":164,"column":11},"end":{"line":164,"column":12}},"loc":{"start":{"line":164,"column":19},"end":{"line":166,"column":34}},"line":164},"17":{"name":"(anonymous_17)","decl":{"start":{"line":167,"column":10},"end":{"line":167,"column":11}},"loc":{"start":{"line":167,"column":18},"end":{"line":174,"column":6}},"line":167}},"branchMap":{"0":{"loc":{"start":{"line":25,"column":42},"end":{"line":25,"column":86}},"type":"default-arg","locations":[{"start":{"line":25,"column":51},"end":{"line":25,"column":86}}],"line":25},"1":{"loc":{"start":{"line":52,"column":2},"end":{"line":59,"column":3}},"type":"if","locations":[{"start":{"line":52,"column":2},"end":{"line":59,"column":3}},{"start":{"line":52,"column":2},"end":{"line":59,"column":3}}],"line":52},"2":{"loc":{"start":{"line":52,"column":5},"end":{"line":52,"column":51}},"type":"binary-expr","locations":[{"start":{"line":52,"column":5},"end":{"line":52,"column":24}},{"start":{"line":52,"column":28},"end":{"line":52,"column":51}}],"line":52},"3":{"loc":{"start":{"line":68,"column":2},"end":{"line":75,"column":3}},"type":"if","locations":[{"start":{"line":68,"column":2},"end":{"line":75,"column":3}},{"start":{"line":68,"column":2},"end":{"line":75,"column":3}}],"line":68},"4":{"loc":{"start":{"line":68,"column":5},"end":{"line":68,"column":42}},"type":"binary-expr","locations":[{"start":{"line":68,"column":5},"end":{"line":68,"column":17}},{"start":{"line":68,"column":21},"end":{"line":68,"column":42}}],"line":68},"5":{"loc":{"start":{"line":85,"column":3},"end":{"line":90,"column":4}},"type":"if","locations":[{"start":{"line":85,"column":3},"end":{"line":90,"column":4}},{"start":{"line":85,"column":3},"end":{"line":90,"column":4}}],"line":85},"6":{"loc":{"start":{"line":99,"column":16},"end":{"line":99,"column":28}},"type":"default-arg","locations":[{"start":{"line":99,"column":22},"end":{"line":99,"column":28}}],"line":99},"7":{"loc":{"start":{"line":100,"column":2},"end":{"line":118,"column":9}},"type":"if","locations":[{"start":{"line":100,"column":2},"end":{"line":118,"column":9}},{"start":{"line":100,"column":2},"end":{"line":118,"column":9}}],"line":100},"8":{"loc":{"start":{"line":107,"column":5},"end":{"line":111,"column":6}},"type":"if","locations":[{"start":{"line":107,"column":5},"end":{"line":111,"column":6}},{"start":{"line":107,"column":5},"end":{"line":111,"column":6}}],"line":107},"9":{"loc":{"start":{"line":109,"column":11},"end":{"line":111,"column":6}},"type":"if","locations":[{"start":{"line":109,"column":11},"end":{"line":111,"column":6}},{"start":{"line":109,"column":11},"end":{"line":111,"column":6}}],"line":109},"10":{"loc":{"start":{"line":128,"column":2},"end":{"line":134,"column":9}},"type":"if","locations":[{"start":{"line":128,"column":2},"end":{"line":134,"column":9}},{"start":{"line":128,"column":2},"end":{"line":134,"column":9}}],"line":128},"11":{"loc":{"start":{"line":158,"column":3},"end":{"line":186,"column":4}},"type":"if","locations":[{"start":{"line":158,"column":3},"end":{"line":186,"column":4}},{"start":{"line":158,"column":3},"end":{"line":186,"column":4}}],"line":158},"12":{"loc":{"start":{"line":158,"column":6},"end":{"line":158,"column":51}},"type":"binary-expr","locations":[{"start":{"line":158,"column":6},"end":{"line":158,"column":22}},{"start":{"line":158,"column":26},"end":{"line":158,"column":51}}],"line":158}},"s":{"0":1,"1":1,"2":1,"3":1,"4":1,"5":12,"6":12,"7":12,"8":12,"9":12,"10":12,"11":12,"12":11,"13":1,"14":1,"15":1,"16":1,"17":9,"18":9,"19":8,"20":184,"21":184,"22":8,"23":1,"24":3,"25":3,"26":2,"27":46,"28":2,"29":1,"30":4,"31":4,"32":92,"33":15,"34":15,"35":77,"36":4,"37":4,"38":5,"39":4,"40":77,"41":200,"42":141,"43":59,"44":59,"45":4,"46":4,"47":1,"48":1,"49":5,"50":5,"51":4,"52":4,"53":12,"54":1,"55":4,"56":2,"57":2,"58":8,"59":8,"60":8,"61":7,"62":161,"63":7,"64":161,"65":1127,"66":161,"67":7,"68":161,"69":161,"70":161,"71":161,"72":161,"73":1,"74":1,"75":1,"76":1,"77":7,"78":1},"f":{"0":12,"1":12,"2":1,"3":9,"4":184,"5":184,"6":3,"7":4,"8":5,"9":77,"10":200,"11":5,"12":2,"13":8,"14":161,"15":161,"16":1127,"17":161},"b":{"0":[0],"1":[8,1],"2":[9,8],"3":[2,1],"4":[3,3],"5":[15,77],"6":[4],"7":[4,1],"8":[141,59],"9":[59,0],"10":[4,1],"11":[7,1],"12":[8,7]},"_coverageSchema":"1a1c01bbd47fc00a2c39e90264f33305004495a9","hash":"b37ffaef2880aa6c7afae6ae2e18e642700352df"}
,"/Users/vikramthakur/Documents/AllGitRepos/Vikrams-Git/ProgrammingTask/src/utils/fileUtils.js": {"path":"/Users/vikramthakur/Documents/AllGitRepos/Vikrams-Git/ProgrammingTask/src/utils/fileUtils.js","statementMap":{"0":{"start":{"line":1,"column":11},"end":{"line":1,"column":24}},"1":{"start":{"line":9,"column":1},"end":{"line":17,"column":4}},"2":{"start":{"line":10,"column":2},"end":{"line":16,"column":5}},"3":{"start":{"line":11,"column":3},"end":{"line":15,"column":4}},"4":{"start":{"line":12,"column":4},"end":{"line":12,"column":23}},"5":{"start":{"line":14,"column":4},"end":{"line":14,"column":25}},"6":{"start":{"line":20,"column":0},"end":{"line":22,"column":2}}},"fnMap":{"0":{"name":"readFile","decl":{"start":{"line":8,"column":9},"end":{"line":8,"column":17}},"loc":{"start":{"line":8,"column":45},"end":{"line":18,"column":1}},"line":8},"1":{"name":"(anonymous_1)","decl":{"start":{"line":9,"column":20},"end":{"line":9,"column":21}},"loc":{"start":{"line":9,"column":39},"end":{"line":17,"column":2}},"line":9},"2":{"name":"(anonymous_2)","decl":{"start":{"line":10,"column":34},"end":{"line":10,"column":35}},"loc":{"start":{"line":10,"column":46},"end":{"line":16,"column":3}},"line":10}},"branchMap":{"0":{"loc":{"start":{"line":8,"column":28},"end":{"line":8,"column":44}},"type":"default-arg","locations":[{"start":{"line":8,"column":37},"end":{"line":8,"column":44}}],"line":8},"1":{"loc":{"start":{"line":11,"column":3},"end":{"line":15,"column":4}},"type":"if","locations":[{"start":{"line":11,"column":3},"end":{"line":15,"column":4}},{"start":{"line":11,"column":3},"end":{"line":15,"column":4}}],"line":11}},"s":{"0":2,"1":14,"2":14,"3":12,"4":1,"5":11,"6":2},"f":{"0":14,"1":14,"2":12},"b":{"0":[2],"1":[1,11]},"_coverageSchema":"1a1c01bbd47fc00a2c39e90264f33305004495a9","hash":"5f54efb10e6db1fe91acc704072d6a9d0589f528"}
}
