TN:
SF:src/programmingTask.js
FN:14,(anonymous_0)
FN:25,(anonymous_1)
FN:40,(anonymous_2)
FN:52,(anonymous_3)
FN:55,(anonymous_4)
FN:56,(anonymous_5)
FN:72,(anonymous_6)
FN:76,(anonymous_7)
FN:77,(anonymous_8)
FN:91,(anonymous_9)
FN:93,(anonymous_10)
FN:108,(anonymous_11)
FN:112,(anonymous_12)
FN:115,(anonymous_13)
FN:135,(anonymous_14)
FN:152,(anonymous_15)
FN:164,(anonymous_16)
FN:169,(anonymous_17)
FN:172,(anonymous_18)
FN:173,(anonymous_19)
FN:176,(anonymous_20)
FNF:21
FNH:21
FNDA:13,(anonymous_0)
FNDA:13,(anonymous_1)
FNDA:1,(anonymous_2)
FNDA:10,(anonymous_3)
FNDA:207,(anonymous_4)
FNDA:230,(anonymous_5)
FNDA:4,(anonymous_6)
FNDA:92,(anonymous_7)
FNDA:69,(anonymous_8)
FNDA:4,(anonymous_9)
FNDA:92,(anonymous_10)
FNDA:5,(anonymous_11)
FNDA:77,(anonymous_12)
FNDA:200,(anonymous_13)
FNDA:5,(anonymous_14)
FNDA:2,(anonymous_15)
FNDA:9,(anonymous_16)
FNDA:184,(anonymous_17)
FNDA:184,(anonymous_18)
FNDA:1288,(anonymous_19)
FNDA:184,(anonymous_20)
DA:1,1
DA:2,1
DA:3,1
DA:4,1
DA:6,1
DA:15,13
DA:16,13
DA:17,13
DA:18,13
DA:26,13
DA:27,13
DA:28,13
DA:29,12
DA:31,1
DA:32,1
DA:41,1
DA:42,1
DA:53,10
DA:54,10
DA:55,9
DA:56,207
DA:57,230
DA:58,230
DA:59,230
DA:62,9
DA:64,1
DA:73,4
DA:74,4
DA:75,3
DA:76,92
DA:77,69
DA:78,3
DA:79,69
DA:81,3
DA:83,1
DA:92,4
DA:93,92
DA:94,92
DA:95,15
DA:96,15
DA:98,77
DA:101,4
DA:102,4
DA:109,5
DA:110,4
DA:113,77
DA:116,200
DA:117,141
DA:118,59
DA:119,59
DA:122,4
DA:123,4
DA:125,1
DA:126,1
DA:136,5
DA:137,5
DA:138,4
DA:139,12
DA:142,1
DA:144,4
DA:153,2
DA:155,2
DA:165,9
DA:166,9
DA:167,9
DA:168,8
DA:169,184
DA:171,8
DA:172,184
DA:173,1288
DA:177,184
DA:185,8
DA:186,184
DA:187,184
DA:188,184
DA:189,184
DA:190,184
DA:193,1
DA:194,1
DA:197,1
DA:198,1
DA:200,8
DA:207,1
LF:83
LH:83
BRDA:25,0,0,0
BRDA:54,1,0,9
BRDA:54,1,1,1
BRDA:54,2,0,10
BRDA:54,2,1,9
BRDA:74,3,0,3
BRDA:74,3,1,1
BRDA:74,4,0,4
BRDA:74,4,1,4
BRDA:94,5,0,15
BRDA:94,5,1,77
BRDA:108,6,0,4
BRDA:109,7,0,4
BRDA:109,7,1,1
BRDA:116,8,0,141
BRDA:116,8,1,59
BRDA:118,9,0,59
BRDA:118,9,1,0
BRDA:137,10,0,4
BRDA:137,10,1,1
BRDA:167,11,0,8
BRDA:167,11,1,1
BRDA:167,12,0,9
BRDA:167,12,1,8
BRF:24
BRH:22
end_of_record
TN:
SF:src/utils/fileUtils.js
FN:8,readFile
FN:9,(anonymous_1)
FN:10,(anonymous_2)
FNF:3
FNH:3
FNDA:15,readFile
FNDA:15,(anonymous_1)
FNDA:13,(anonymous_2)
DA:1,2
DA:9,15
DA:10,15
DA:11,13
DA:12,1
DA:14,12
DA:20,2
LF:7
LH:7
BRDA:8,0,0,2
BRDA:11,1,0,1
BRDA:11,1,1,12
BRF:3
BRH:3
end_of_record
