TN:
SF:src/programmingTask.js
FN:14,(anonymous_0)
FN:25,(anonymous_1)
FN:40,(anonymous_2)
FN:50,(anonymous_3)
FN:53,(anonymous_4)
FN:54,(anonymous_5)
FN:66,(anonymous_6)
FN:82,(anonymous_7)
FN:99,(anonymous_8)
FN:103,(anonymous_9)
FN:106,(anonymous_10)
FN:126,(anonymous_11)
FN:143,(anonymous_12)
FN:155,(anonymous_13)
FN:160,(anonymous_14)
FN:163,(anonymous_15)
FN:164,(anonymous_16)
FN:167,(anonymous_17)
FNF:18
FNH:18
FNDA:12,(anonymous_0)
FNDA:12,(anonymous_1)
FNDA:1,(anonymous_2)
FNDA:9,(anonymous_3)
FNDA:184,(anonymous_4)
FNDA:184,(anonymous_5)
FNDA:3,(anonymous_6)
FNDA:4,(anonymous_7)
FNDA:5,(anonymous_8)
FNDA:77,(anonymous_9)
FNDA:200,(anonymous_10)
FNDA:5,(anonymous_11)
FNDA:2,(anonymous_12)
FNDA:8,(anonymous_13)
FNDA:161,(anonymous_14)
FNDA:161,(anonymous_15)
FNDA:1127,(anonymous_16)
FNDA:161,(anonymous_17)
DA:1,1
DA:2,1
DA:3,1
DA:4,1
DA:6,1
DA:15,12
DA:16,12
DA:17,12
DA:18,12
DA:26,12
DA:27,12
DA:28,12
DA:29,11
DA:31,1
DA:32,1
DA:41,1
DA:42,1
DA:51,9
DA:52,9
DA:53,8
DA:54,184
DA:56,8
DA:58,1
DA:67,3
DA:68,3
DA:69,2
DA:70,46
DA:72,2
DA:74,1
DA:83,4
DA:84,4
DA:85,92
DA:86,15
DA:87,15
DA:89,77
DA:92,4
DA:93,4
DA:100,5
DA:101,4
DA:104,77
DA:107,200
DA:108,141
DA:109,59
DA:110,59
DA:113,4
DA:114,4
DA:116,1
DA:117,1
DA:127,5
DA:128,5
DA:129,4
DA:130,12
DA:133,1
DA:135,4
DA:144,2
DA:146,2
DA:156,8
DA:157,8
DA:158,8
DA:159,7
DA:160,161
DA:162,7
DA:163,161
DA:164,1127
DA:168,161
DA:176,7
DA:177,161
DA:178,161
DA:179,161
DA:180,161
DA:181,161
DA:184,1
DA:185,1
DA:188,1
DA:189,1
DA:191,7
DA:198,1
LF:77
LH:77
BRDA:25,0,0,0
BRDA:52,1,0,8
BRDA:52,1,1,1
BRDA:52,2,0,9
BRDA:52,2,1,8
BRDA:68,3,0,2
BRDA:68,3,1,1
BRDA:68,4,0,3
BRDA:68,4,1,3
BRDA:85,5,0,15
BRDA:85,5,1,77
BRDA:99,6,0,4
BRDA:100,7,0,4
BRDA:100,7,1,1
BRDA:107,8,0,141
BRDA:107,8,1,59
BRDA:109,9,0,59
BRDA:109,9,1,0
BRDA:128,10,0,4
BRDA:128,10,1,1
BRDA:158,11,0,7
BRDA:158,11,1,1
BRDA:158,12,0,8
BRDA:158,12,1,7
BRF:24
BRH:22
end_of_record
TN:
SF:src/utils/fileUtils.js
FN:8,readFile
FN:9,(anonymous_1)
FN:10,(anonymous_2)
FNF:3
FNH:3
FNDA:14,readFile
FNDA:14,(anonymous_1)
FNDA:12,(anonymous_2)
DA:1,2
DA:9,14
DA:10,14
DA:11,12
DA:12,1
DA:14,11
DA:20,2
LF:7
LH:7
BRDA:8,0,0,2
BRDA:11,1,0,1
BRDA:11,1,1,11
BRF:3
BRH:3
end_of_record
